<?xml version="1.0" encoding="UTF-8"?><testsuite errors="0" failures="0" name="acceptancetests.reporting_controls.aquisition.TradeAcquisition" skipped="0" tests="3" time="0.94" timestamp="2018-10-14 12:49:30"><testcase classname="acceptancetests.reporting_controls.aquisition.TradeAcquisition" name="Cftc acquisition"/><testcase classname="acceptancetests.reporting_controls.aquisition.TradeAcquisition" name="Generic acquisition"/><testcase classname="acceptancetests.reporting_controls.aquisition.TradeAcquisition" name="Volcker acquisition"/></testsuite>