<?xml version="1.0" encoding="UTF-8"?><testsuite errors="1" failures="1" name="Business Activities" skipped="3" tests="16" time="2.31" timestamp="2018-10-14 01:32:23"><testcase name="The business activity risk factor for an industry"><error message="Wrong business activity" type="java.lang.AssertionError">Wrong business activity</error><system-err>Wrong business activity
acceptancetests.reporting_controls.StepDefinitions.their_base_business_activity_risk_factor_should_be(StepDefinitions.java:189)
✽.their base business activity risk factor should be 10(src/test/resources/features/customer_acceptance_policy/business_activities.feature:23)
</system-err></testcase><testcase name="An example of a high risk business"><skipped/></testcase><testcase name="A few more examples of a high risk businesses"><skipped/></testcase><testcase name="The business activity risk factor for an established business"/><testcase name="Businesses established less than 2 years ago are considered higher risk"/></testsuite>